2015-03-13 15:11:45,747 INFO  [Log] *****          Tests run in Firefox 
2015-03-13 15:12:04,645 INFO  [Log] *****          runTest 
2015-03-13 15:12:04,646 INFO  [Log]                     > Test started at : 2015-03-13 15:12:04.645 
2015-03-13 15:12:11,350 INFO  [Log] *****          signIn 
2015-03-13 15:12:45,876 INFO  [Log]                     > Screenshot at :/Users/Praveen/Desktop/Dropbox/workspace/autome/web/ScreenShots/MigWebAutoCI-01/2015_03_13_15_12_45_875.jpg 
2015-03-13 15:12:51,342 INFO  [Log] *****          Discover Page 
2015-03-13 15:12:51,466 INFO  [Log]                     > Feature Page 
2015-03-13 15:12:52,705 INFO  [Log]                     > Screenshot at :/Users/Praveen/Desktop/Dropbox/workspace/autome/web/ScreenShots/MigWebAutoCI-01/2015_03_13_15_12_52_705.jpg 
2015-03-13 15:12:52,706 INFO  [Log]                     > Stories Page 
2015-03-13 15:12:53,282 INFO  [Log]                     > Screenshot at :/Users/Praveen/Desktop/Dropbox/workspace/autome/web/ScreenShots/MigWebAutoCI-01/2015_03_13_15_12_53_282.jpg 
2015-03-13 15:12:53,283 INFO  [Log]                     > People Page 
2015-03-13 15:12:53,838 INFO  [Log]                     > Screenshot at :/Users/Praveen/Desktop/Dropbox/workspace/autome/web/ScreenShots/MigWebAutoCI-01/2015_03_13_15_12_53_838.jpg 
2015-03-13 15:12:53,839 INFO  [Log]                     > Updates Page 
2015-03-13 15:12:54,470 INFO  [Log]                     > Screenshot at :/Users/Praveen/Desktop/Dropbox/workspace/autome/web/ScreenShots/MigWebAutoCI-01/2015_03_13_15_12_54_47.jpg 
2015-03-13 15:12:54,471 INFO  [Log] *****          Play Page 
2015-03-13 15:12:55,400 INFO  [Log]                     > Screenshot at :/Users/Praveen/Desktop/Dropbox/workspace/autome/web/ScreenShots/MigWebAutoCI-01/2015_03_13_15_12_55_4.jpg 
2015-03-13 15:12:55,401 INFO  [Log] *****          Store Page 
2015-03-13 15:12:55,701 INFO  [Log]                     > Gifts Page 
2015-03-13 15:12:56,822 INFO  [Log]                     > Screenshot at :/Users/Praveen/Desktop/Dropbox/workspace/autome/web/ScreenShots/MigWebAutoCI-01/2015_03_13_15_12_56_822.jpg 
2015-03-13 15:12:56,823 INFO  [Log]                     > Stickers Page 
2015-03-13 15:12:57,760 INFO  [Log]                     > Screenshot at :/Users/Praveen/Desktop/Dropbox/workspace/autome/web/ScreenShots/MigWebAutoCI-01/2015_03_13_15_12_57_76.jpg 
2015-03-13 15:12:57,785 INFO  [Log]                     > Emoticons Page 
2015-03-13 15:13:04,619 INFO  [Log]                     > Screenshot at :/Users/Praveen/Desktop/Dropbox/workspace/autome/web/ScreenShots/MigWebAutoCI-01/2015_03_13_15_13_04_618.jpg 
2015-03-13 15:13:04,620 INFO  [Log]                     > Avatar Page 
2015-03-13 15:13:13,476 INFO  [Log]                     > Screenshot at :/Users/Praveen/Desktop/Dropbox/workspace/autome/web/ScreenShots/MigWebAutoCI-01/2015_03_13_15_13_13_476.jpg 
2015-03-13 15:13:13,478 INFO  [Log]                     > Recharge Page 
2015-03-13 15:13:14,303 INFO  [Log]                     > Screenshot at :/Users/Praveen/Desktop/Dropbox/workspace/autome/web/ScreenShots/MigWebAutoCI-01/2015_03_13_15_13_14_303.jpg 
2015-03-13 15:13:14,304 INFO  [Log] *****          Merchant Page 
2015-03-13 15:13:18,695 INFO  [Log]                     > Screenshot at :/Users/Praveen/Desktop/Dropbox/workspace/autome/web/ScreenShots/MigWebAutoCI-01/2015_03_13_15_13_18_695.jpg 
2015-03-13 15:13:20,762 INFO  [Log] *****          View Notifications 
2015-03-13 15:13:32,494 INFO  [Log]                     > Screenshot at :/Users/Praveen/Desktop/Dropbox/workspace/autome/web/ScreenShots/MigWebAutoCI-01/2015_03_13_15_13_32_494.jpg 
2015-03-13 15:13:32,699 INFO  [Log] *****          SharePost - Inner Editor 
2015-03-13 15:13:33,186 INFO  [Log]                     > Type text in Inner Editor 
2015-03-13 15:13:49,479 INFO  [Log]                     > Screenshot at :/Users/Praveen/Desktop/Dropbox/workspace/autome/web/ScreenShots/MigWebAutoCI-01/2015_03_13_15_13_49_479.jpg 
2015-03-13 15:14:03,009 INFO  [Log]                     > Screenshot at :/Users/Praveen/Desktop/Dropbox/workspace/autome/web/ScreenShots/MigWebAutoCI-01/2015_03_13_15_14_03_009.jpg 
2015-03-13 15:14:03,745 INFO  [Log] *****          User Profile 
2015-03-13 15:14:03,745 INFO  [Log]                     > HomePage #mig logo 
2015-03-13 15:14:06,705 INFO  [Log]                     > HomePage #mig logo 
2015-03-13 15:14:07,243 INFO  [Log] *****          postTextWithZeroChars 
2015-03-13 15:14:07,908 INFO  [Log]                     > Open Side bar 
2015-03-13 15:14:08,152 INFO  [Log]                     > Wait for 5 secs 
2015-03-13 15:14:14,156 INFO  [Log] *****          Click Chat User Avatar 
2015-03-13 15:14:18,699 INFO  [Log]                     > username : mig1praveen 
2015-03-13 15:14:18,699 INFO  [Log]                     > Close Side bar 
2015-03-13 15:14:24,627 INFO  [Log] *****          Start Private Chat from Side Bar 
2015-03-13 15:14:24,627 INFO  [Log]                     > Open Side bar 
2015-03-13 15:14:24,781 INFO  [Log]                     > Click Start New Private Chat 
2015-03-13 15:14:24,781 INFO  [Log]                     > Wait for 5 secs 
2015-03-13 15:14:31,061 INFO  [Log]                     > Selecting a user 
2015-03-13 15:14:31,097 INFO  [Log]                     > 1. praveenmukilan 
2015-03-13 15:14:32,063 INFO  [Log]                     > Get Message Status 
2015-03-13 15:14:32,063 INFO  [Log]                     > Wait for 10 secs 
2015-03-13 15:14:43,129 INFO  [Log]                     > chatMsgStatus.size() : 31 
2015-03-13 15:14:43,153 INFO  [Log]                     > col-xs-8 no-padding chat-msg-content self-msg msg-received 
2015-03-13 15:14:46,496 INFO  [Log]                     > Screenshot at :/Users/Praveen/Desktop/Dropbox/workspace/autome/web/ScreenShots/MigWebAutoCI-01/2015_03_13_15_14_46_496.jpg 
2015-03-13 15:14:46,500 INFO  [Log]                     > chat message received successfully 
2015-03-13 15:14:46,500 INFO  [Log]                     > closed the chat window.! 
2015-03-13 15:14:46,710 INFO  [Log]                     > Close Side bar 
2015-03-13 15:14:46,893 INFO  [Log] *****          Start Group Chat from Side Bar 
2015-03-13 15:14:46,894 INFO  [Log]                     > Open Side bar 
2015-03-13 15:14:47,077 INFO  [Log]                     > Click Start New Group Chat 
2015-03-13 15:14:47,078 INFO  [Log]                     > Wait for 5 secs 
2015-03-13 15:14:53,273 INFO  [Log]                     > Selecting two users 
2015-03-13 15:14:53,332 INFO  [Log]                     > 1. praveenmukilan 
2015-03-13 15:14:53,555 INFO  [Log]                     > 2. mig3praveen 
2015-03-13 15:14:54,002 INFO  [Log]                     > Open Recent Chat 
2015-03-13 15:14:54,002 INFO  [Log]                     > Wait for 5 secs 
2015-03-13 15:15:00,803 INFO  [Log]                     > Get Message Status 
2015-03-13 15:15:00,813 INFO  [Log]                     > Wait for 10 secs 
2015-03-13 15:15:11,856 INFO  [Log]                     > chatMsgStatus.size() : 1 
2015-03-13 15:15:11,875 INFO  [Log]                     > col-xs-8 no-padding chat-msg-content self-msg msg-sent-ok 
2015-03-13 15:15:14,879 INFO  [Log]                     > Screenshot at :/Users/Praveen/Desktop/Dropbox/workspace/autome/web/ScreenShots/MigWebAutoCI-01/2015_03_13_15_15_14_879.jpg 
2015-03-13 15:15:14,886 INFO  [Log]                     > chat message is not received yet and is only in sent status. Pls check! 
2015-03-13 15:15:14,890 INFO  [Log]                     > closed the chat window.! 
2015-03-13 15:15:15,269 INFO  [Log]                     > Close Side bar 
2015-03-13 15:15:15,411 INFO  [Log] *****          signOut 
2015-03-13 15:15:18,320 INFO  [Log]                     > Screenshot at :/Users/Praveen/Desktop/Dropbox/workspace/autome/web/ScreenShots/MigWebAutoCI-01/2015_03_13_15_15_18_32.jpg 
2015-03-13 15:15:23,322 INFO  [Log] *****          End Test 
2015-03-13 15:17:51,229 INFO  [Log] *****          Tests run in Chrome 
2015-03-13 15:18:00,820 INFO  [Log] *****          runTest 
2015-03-13 15:18:00,820 INFO  [Log]                     > Test started at : 2015-03-13 15:18:00.82 
2015-03-13 15:18:11,689 INFO  [Log] *****          signIn 
2015-03-13 15:18:35,006 INFO  [Log]                     > Screenshot at :/Users/Praveen/Desktop/Dropbox/workspace/autome/web/ScreenShots/MigWebAutoCI-01/2015_03_13_15_18_35_006.jpg 
2015-03-13 15:18:40,095 INFO  [Log] *****          Discover Page 
2015-03-13 15:18:40,277 INFO  [Log]                     > Feature Page 
2015-03-13 15:18:46,279 INFO  [Log]                     > Screenshot at :/Users/Praveen/Desktop/Dropbox/workspace/autome/web/ScreenShots/MigWebAutoCI-01/2015_03_13_15_18_46_279.jpg 
2015-03-13 15:18:46,293 INFO  [Log]                     > Stories Page 
2015-03-13 15:18:48,182 INFO  [Log]                     > Screenshot at :/Users/Praveen/Desktop/Dropbox/workspace/autome/web/ScreenShots/MigWebAutoCI-01/2015_03_13_15_18_48_181.jpg 
2015-03-13 15:18:48,183 INFO  [Log]                     > People Page 
2015-03-13 15:18:53,944 INFO  [Log]                     > Screenshot at :/Users/Praveen/Desktop/Dropbox/workspace/autome/web/ScreenShots/MigWebAutoCI-01/2015_03_13_15_18_53_943.jpg 
2015-03-13 15:18:54,046 INFO  [Log]                     > Updates Page 
2015-03-13 15:18:56,339 INFO  [Log]                     > Screenshot at :/Users/Praveen/Desktop/Dropbox/workspace/autome/web/ScreenShots/MigWebAutoCI-01/2015_03_13_15_18_56_339.jpg 
2015-03-13 15:18:56,340 INFO  [Log] *****          Play Page 
2015-03-13 15:18:58,765 INFO  [Log]                     > Screenshot at :/Users/Praveen/Desktop/Dropbox/workspace/autome/web/ScreenShots/MigWebAutoCI-01/2015_03_13_15_18_58_765.jpg 
2015-03-13 15:18:58,766 INFO  [Log] *****          Store Page 
2015-03-13 15:18:58,924 INFO  [Log]                     > Gifts Page 
2015-03-13 15:18:59,912 INFO  [Log]                     > Screenshot at :/Users/Praveen/Desktop/Dropbox/workspace/autome/web/ScreenShots/MigWebAutoCI-01/2015_03_13_15_18_59_911.jpg 
2015-03-13 15:18:59,942 INFO  [Log]                     > Stickers Page 
2015-03-13 15:19:00,402 INFO  [Log]                     > Screenshot at :/Users/Praveen/Desktop/Dropbox/workspace/autome/web/ScreenShots/MigWebAutoCI-01/2015_03_13_15_19_00_402.jpg 
2015-03-13 15:19:00,404 INFO  [Log]                     > Emoticons Page 
2015-03-13 15:19:00,751 INFO  [Log]                     > Screenshot at :/Users/Praveen/Desktop/Dropbox/workspace/autome/web/ScreenShots/MigWebAutoCI-01/2015_03_13_15_19_00_751.jpg 
2015-03-13 15:19:00,752 INFO  [Log]                     > Avatar Page 
2015-03-13 15:19:01,090 INFO  [Log]                     > Screenshot at :/Users/Praveen/Desktop/Dropbox/workspace/autome/web/ScreenShots/MigWebAutoCI-01/2015_03_13_15_19_01_09.jpg 
2015-03-13 15:19:01,091 INFO  [Log]                     > Recharge Page 
2015-03-13 15:19:01,451 INFO  [Log]                     > Screenshot at :/Users/Praveen/Desktop/Dropbox/workspace/autome/web/ScreenShots/MigWebAutoCI-01/2015_03_13_15_19_01_451.jpg 
2015-03-13 15:19:01,481 INFO  [Log] *****          Merchant Page 
2015-03-13 15:19:07,565 INFO  [Log]                     > Screenshot at :/Users/Praveen/Desktop/Dropbox/workspace/autome/web/ScreenShots/MigWebAutoCI-01/2015_03_13_15_19_07_565.jpg 
2015-03-13 15:19:10,248 INFO  [Log] *****          View Notifications 
2015-03-13 15:19:10,680 INFO  [Log]                     > Screenshot at :/Users/Praveen/Desktop/Dropbox/workspace/autome/web/ScreenShots/MigWebAutoCI-01/2015_03_13_15_19_10_68.jpg 
2015-03-13 15:19:10,840 INFO  [Log] *****          SharePost - Inner Editor 
2015-03-13 15:19:10,908 INFO  [Log]                     > Type text in Inner Editor 
2015-03-13 15:19:18,707 INFO  [Log]                     > Screenshot at :/Users/Praveen/Desktop/Dropbox/workspace/autome/web/ScreenShots/MigWebAutoCI-01/2015_03_13_15_19_18_707.jpg 
2015-03-13 15:19:19,245 INFO  [Log]                     > Screenshot at :/Users/Praveen/Desktop/Dropbox/workspace/autome/web/ScreenShots/MigWebAutoCI-01/2015_03_13_15_19_19_245.jpg 
2015-03-13 15:19:19,316 INFO  [Log] *****          User Profile 
2015-03-13 15:19:19,317 INFO  [Log]                     > HomePage #mig logo 
2015-03-13 15:19:19,374 INFO  [Log]                     > unknown error: Element is not clickable at point (133, 25). Other element would receive the click: <div id="sharebox-modal" class="modal fade in" aria-hidden="false" style="display: block;">...</div>
  (Session info: chrome=41.0.2272.89)
  (Driver info: chromedriver=2.13.307650 (feffe1dd547ee7b5c16d38784cd0cd679dfd7850),platform=Mac OS X 10.9.5 x86_64) (WARNING: The server did not provide any stacktrace information)
Command duration or timeout: 31 milliseconds
Build info: version: '2.44.0', revision: '76d78cf323ce037c5f92db6c1bba601c2ac43ad8', time: '2014-10-23 13:11:40'
System info: host: 'PraveenMS', ip: '192.168.2.188', os.name: 'Mac OS X', os.arch: 'x86_64', os.version: '10.9.5', java.version: '1.8.0_25'
Driver info: org.openqa.selenium.chrome.ChromeDriver
Capabilities [{applicationCacheEnabled=false, rotatable=false, mobileEmulationEnabled=false, chrome={userDataDir=/var/folders/t1/y09xqq894t31wyd4s5nrsj_00000gq/T/.org.chromium.Chromium.mPKLEA}, takesHeapSnapshot=true, databaseEnabled=false, handlesAlerts=true, version=41.0.2272.89, platform=MAC, browserConnectionEnabled=false, nativeEvents=true, acceptSslCerts=true, locationContextEnabled=true, webStorageEnabled=true, browserName=chrome, takesScreenshot=true, javascriptEnabled=true, cssSelectorsEnabled=true}]
Session ID: bdc1481ba58e5730f153bf258baf5bcc 
2015-03-13 15:19:19,471 INFO  [Log]                     > unknown error: Element is not clickable at point (1033, 25). Other element would receive the click: <div id="sharebox-modal" class="modal fade in" aria-hidden="false" style="display: block;">...</div>
  (Session info: chrome=41.0.2272.89)
  (Driver info: chromedriver=2.13.307650 (feffe1dd547ee7b5c16d38784cd0cd679dfd7850),platform=Mac OS X 10.9.5 x86_64) (WARNING: The server did not provide any stacktrace information)
Command duration or timeout: 78 milliseconds
Build info: version: '2.44.0', revision: '76d78cf323ce037c5f92db6c1bba601c2ac43ad8', time: '2014-10-23 13:11:40'
System info: host: 'PraveenMS', ip: '192.168.2.188', os.name: 'Mac OS X', os.arch: 'x86_64', os.version: '10.9.5', java.version: '1.8.0_25'
Driver info: org.openqa.selenium.chrome.ChromeDriver
Capabilities [{applicationCacheEnabled=false, rotatable=false, mobileEmulationEnabled=false, chrome={userDataDir=/var/folders/t1/y09xqq894t31wyd4s5nrsj_00000gq/T/.org.chromium.Chromium.mPKLEA}, takesHeapSnapshot=true, databaseEnabled=false, handlesAlerts=true, version=41.0.2272.89, platform=MAC, browserConnectionEnabled=false, nativeEvents=true, acceptSslCerts=true, locationContextEnabled=true, webStorageEnabled=true, browserName=chrome, takesScreenshot=true, javascriptEnabled=true, cssSelectorsEnabled=true}]
Session ID: bdc1481ba58e5730f153bf258baf5bcc 
2015-03-13 15:19:19,471 INFO  [Log] *****          postTextWithZeroChars 
2015-03-13 15:19:19,543 INFO  [Log]                     > unknown error: Element is not clickable at point (582, 74). Other element would receive the click: <div class="modal-header">...</div>
  (Session info: chrome=41.0.2272.89)
  (Driver info: chromedriver=2.13.307650 (feffe1dd547ee7b5c16d38784cd0cd679dfd7850),platform=Mac OS X 10.9.5 x86_64) (WARNING: The server did not provide any stacktrace information)
Command duration or timeout: 28 milliseconds
Build info: version: '2.44.0', revision: '76d78cf323ce037c5f92db6c1bba601c2ac43ad8', time: '2014-10-23 13:11:40'
System info: host: 'PraveenMS', ip: '192.168.2.188', os.name: 'Mac OS X', os.arch: 'x86_64', os.version: '10.9.5', java.version: '1.8.0_25'
Driver info: org.openqa.selenium.chrome.ChromeDriver
Capabilities [{applicationCacheEnabled=false, rotatable=false, mobileEmulationEnabled=false, chrome={userDataDir=/var/folders/t1/y09xqq894t31wyd4s5nrsj_00000gq/T/.org.chromium.Chromium.mPKLEA}, takesHeapSnapshot=true, databaseEnabled=false, handlesAlerts=true, version=41.0.2272.89, platform=MAC, browserConnectionEnabled=false, nativeEvents=true, acceptSslCerts=true, locationContextEnabled=true, webStorageEnabled=true, browserName=chrome, takesScreenshot=true, javascriptEnabled=true, cssSelectorsEnabled=true}]
Session ID: bdc1481ba58e5730f153bf258baf5bcc 
2015-03-13 15:19:19,543 INFO  [Log]                     > Open Side bar 
2015-03-13 15:19:19,581 INFO  [Log]                     > unknown error: Element is not clickable at point (1068, 66). Other element would receive the click: <div id="sharebox-modal" class="modal fade in" aria-hidden="false" style="display: block;">...</div>
  (Session info: chrome=41.0.2272.89)
  (Driver info: chromedriver=2.13.307650 (feffe1dd547ee7b5c16d38784cd0cd679dfd7850),platform=Mac OS X 10.9.5 x86_64) (WARNING: The server did not provide any stacktrace information)
Command duration or timeout: 25 milliseconds
Build info: version: '2.44.0', revision: '76d78cf323ce037c5f92db6c1bba601c2ac43ad8', time: '2014-10-23 13:11:40'
System info: host: 'PraveenMS', ip: '192.168.2.188', os.name: 'Mac OS X', os.arch: 'x86_64', os.version: '10.9.5', java.version: '1.8.0_25'
Driver info: org.openqa.selenium.chrome.ChromeDriver
Capabilities [{applicationCacheEnabled=false, rotatable=false, mobileEmulationEnabled=false, chrome={userDataDir=/var/folders/t1/y09xqq894t31wyd4s5nrsj_00000gq/T/.org.chromium.Chromium.mPKLEA}, takesHeapSnapshot=true, databaseEnabled=false, handlesAlerts=true, version=41.0.2272.89, platform=MAC, browserConnectionEnabled=false, nativeEvents=true, acceptSslCerts=true, locationContextEnabled=true, webStorageEnabled=true, browserName=chrome, takesScreenshot=true, javascriptEnabled=true, cssSelectorsEnabled=true}]
Session ID: bdc1481ba58e5730f153bf258baf5bcc 
2015-03-13 15:19:19,581 INFO  [Log] *****          Start Private Chat from Side Bar 
2015-03-13 15:19:19,581 INFO  [Log]                     > Open Side bar 
2015-03-13 15:19:19,621 INFO  [Log]                     > unknown error: Element is not clickable at point (1068, 66). Other element would receive the click: <div id="sharebox-modal" class="modal fade in" aria-hidden="false" style="display: block;">...</div>
  (Session info: chrome=41.0.2272.89)
  (Driver info: chromedriver=2.13.307650 (feffe1dd547ee7b5c16d38784cd0cd679dfd7850),platform=Mac OS X 10.9.5 x86_64) (WARNING: The server did not provide any stacktrace information)
Command duration or timeout: 33 milliseconds
Build info: version: '2.44.0', revision: '76d78cf323ce037c5f92db6c1bba601c2ac43ad8', time: '2014-10-23 13:11:40'
System info: host: 'PraveenMS', ip: '192.168.2.188', os.name: 'Mac OS X', os.arch: 'x86_64', os.version: '10.9.5', java.version: '1.8.0_25'
Driver info: org.openqa.selenium.chrome.ChromeDriver
Capabilities [{applicationCacheEnabled=false, rotatable=false, mobileEmulationEnabled=false, chrome={userDataDir=/var/folders/t1/y09xqq894t31wyd4s5nrsj_00000gq/T/.org.chromium.Chromium.mPKLEA}, takesHeapSnapshot=true, databaseEnabled=false, handlesAlerts=true, version=41.0.2272.89, platform=MAC, browserConnectionEnabled=false, nativeEvents=true, acceptSslCerts=true, locationContextEnabled=true, webStorageEnabled=true, browserName=chrome, takesScreenshot=true, javascriptEnabled=true, cssSelectorsEnabled=true}]
Session ID: bdc1481ba58e5730f153bf258baf5bcc 
2015-03-13 15:19:19,621 INFO  [Log] *****          Start Group Chat from Side Bar 
2015-03-13 15:19:19,621 INFO  [Log]                     > Open Side bar 
2015-03-13 15:19:19,642 INFO  [Log]                     > unknown error: Element is not clickable at point (1068, 66). Other element would receive the click: <div id="sharebox-modal" class="modal fade in" aria-hidden="false" style="display: block;">...</div>
  (Session info: chrome=41.0.2272.89)
  (Driver info: chromedriver=2.13.307650 (feffe1dd547ee7b5c16d38784cd0cd679dfd7850),platform=Mac OS X 10.9.5 x86_64) (WARNING: The server did not provide any stacktrace information)
Command duration or timeout: 14 milliseconds
Build info: version: '2.44.0', revision: '76d78cf323ce037c5f92db6c1bba601c2ac43ad8', time: '2014-10-23 13:11:40'
System info: host: 'PraveenMS', ip: '192.168.2.188', os.name: 'Mac OS X', os.arch: 'x86_64', os.version: '10.9.5', java.version: '1.8.0_25'
Driver info: org.openqa.selenium.chrome.ChromeDriver
Capabilities [{applicationCacheEnabled=false, rotatable=false, mobileEmulationEnabled=false, chrome={userDataDir=/var/folders/t1/y09xqq894t31wyd4s5nrsj_00000gq/T/.org.chromium.Chromium.mPKLEA}, takesHeapSnapshot=true, databaseEnabled=false, handlesAlerts=true, version=41.0.2272.89, platform=MAC, browserConnectionEnabled=false, nativeEvents=true, acceptSslCerts=true, locationContextEnabled=true, webStorageEnabled=true, browserName=chrome, takesScreenshot=true, javascriptEnabled=true, cssSelectorsEnabled=true}]
Session ID: bdc1481ba58e5730f153bf258baf5bcc 
2015-03-13 15:19:19,643 INFO  [Log] *****          signOut 
2015-03-13 15:19:19,686 INFO  [Log]                     > unknown error: Element is not clickable at point (1033, 25). Other element would receive the click: <div id="sharebox-modal" class="modal fade in" aria-hidden="false" style="display: block;">...</div>
  (Session info: chrome=41.0.2272.89)
  (Driver info: chromedriver=2.13.307650 (feffe1dd547ee7b5c16d38784cd0cd679dfd7850),platform=Mac OS X 10.9.5 x86_64) (WARNING: The server did not provide any stacktrace information)
Command duration or timeout: 28 milliseconds
Build info: version: '2.44.0', revision: '76d78cf323ce037c5f92db6c1bba601c2ac43ad8', time: '2014-10-23 13:11:40'
System info: host: 'PraveenMS', ip: '192.168.2.188', os.name: 'Mac OS X', os.arch: 'x86_64', os.version: '10.9.5', java.version: '1.8.0_25'
Driver info: org.openqa.selenium.chrome.ChromeDriver
Capabilities [{applicationCacheEnabled=false, rotatable=false, mobileEmulationEnabled=false, chrome={userDataDir=/var/folders/t1/y09xqq894t31wyd4s5nrsj_00000gq/T/.org.chromium.Chromium.mPKLEA}, takesHeapSnapshot=true, databaseEnabled=false, handlesAlerts=true, version=41.0.2272.89, platform=MAC, browserConnectionEnabled=false, nativeEvents=true, acceptSslCerts=true, locationContextEnabled=true, webStorageEnabled=true, browserName=chrome, takesScreenshot=true, javascriptEnabled=true, cssSelectorsEnabled=true}]
Session ID: bdc1481ba58e5730f153bf258baf5bcc 
2015-03-13 15:19:24,686 INFO  [Log] *****          End Test 
2015-03-13 15:23:07,411 INFO  [Log] *****          Tests run in Chrome 
2015-03-13 15:23:12,369 INFO  [Log] *****          runTest 
2015-03-13 15:23:12,369 INFO  [Log]                     > Test started at : 2015-03-13 15:23:12.369 
2015-03-13 15:23:19,653 INFO  [Log] *****          signIn 
2015-03-13 15:23:36,251 INFO  [Log]                     > Screenshot at :/Users/Praveen/Desktop/Dropbox/workspace/autome/web/ScreenShots/MigWebAutoCI-01/2015_03_13_15_23_36_251.jpg 
2015-03-13 15:23:41,574 INFO  [Log] *****          Discover Page 
2015-03-13 15:23:42,421 INFO  [Log]                     > Feature Page 
2015-03-13 15:23:51,966 INFO  [Log]                     > Screenshot at :/Users/Praveen/Desktop/Dropbox/workspace/autome/web/ScreenShots/MigWebAutoCI-01/2015_03_13_15_23_51_966.jpg 
2015-03-13 15:23:51,987 INFO  [Log]                     > Stories Page 
2015-03-13 15:23:54,768 INFO  [Log]                     > Screenshot at :/Users/Praveen/Desktop/Dropbox/workspace/autome/web/ScreenShots/MigWebAutoCI-01/2015_03_13_15_23_54_768.jpg 
2015-03-13 15:23:54,809 INFO  [Log]                     > People Page 
2015-03-13 15:24:05,271 INFO  [Log]                     > Screenshot at :/Users/Praveen/Desktop/Dropbox/workspace/autome/web/ScreenShots/MigWebAutoCI-01/2015_03_13_15_24_05_271.jpg 
2015-03-13 15:24:05,299 INFO  [Log]                     > Updates Page 
2015-03-13 15:24:07,035 INFO  [Log]                     > Screenshot at :/Users/Praveen/Desktop/Dropbox/workspace/autome/web/ScreenShots/MigWebAutoCI-01/2015_03_13_15_24_07_035.jpg 
2015-03-13 15:24:07,036 INFO  [Log] *****          Play Page 
2015-03-13 15:24:09,361 INFO  [Log]                     > Screenshot at :/Users/Praveen/Desktop/Dropbox/workspace/autome/web/ScreenShots/MigWebAutoCI-01/2015_03_13_15_24_09_361.jpg 
2015-03-13 15:24:09,369 INFO  [Log] *****          Store Page 
2015-03-13 15:24:09,524 INFO  [Log]                     > Gifts Page 
2015-03-13 15:24:10,480 INFO  [Log]                     > Screenshot at :/Users/Praveen/Desktop/Dropbox/workspace/autome/web/ScreenShots/MigWebAutoCI-01/2015_03_13_15_24_10_48.jpg 
2015-03-13 15:24:10,481 INFO  [Log]                     > Stickers Page 
2015-03-13 15:24:10,866 INFO  [Log]                     > Screenshot at :/Users/Praveen/Desktop/Dropbox/workspace/autome/web/ScreenShots/MigWebAutoCI-01/2015_03_13_15_24_10_866.jpg 
2015-03-13 15:24:10,868 INFO  [Log]                     > Emoticons Page 
2015-03-13 15:24:11,156 INFO  [Log]                     > Screenshot at :/Users/Praveen/Desktop/Dropbox/workspace/autome/web/ScreenShots/MigWebAutoCI-01/2015_03_13_15_24_11_156.jpg 
2015-03-13 15:24:11,157 INFO  [Log]                     > Avatar Page 
2015-03-13 15:24:11,473 INFO  [Log]                     > Screenshot at :/Users/Praveen/Desktop/Dropbox/workspace/autome/web/ScreenShots/MigWebAutoCI-01/2015_03_13_15_24_11_473.jpg 
2015-03-13 15:24:11,474 INFO  [Log]                     > Recharge Page 
2015-03-13 15:24:11,833 INFO  [Log]                     > Screenshot at :/Users/Praveen/Desktop/Dropbox/workspace/autome/web/ScreenShots/MigWebAutoCI-01/2015_03_13_15_24_11_833.jpg 
2015-03-13 15:24:11,834 INFO  [Log] *****          Merchant Page 
2015-03-13 15:24:16,140 INFO  [Log]                     > Screenshot at :/Users/Praveen/Desktop/Dropbox/workspace/autome/web/ScreenShots/MigWebAutoCI-01/2015_03_13_15_24_16_14.jpg 
2015-03-13 15:24:18,706 INFO  [Log] *****          View Notifications 
2015-03-13 15:24:19,290 INFO  [Log]                     > Screenshot at :/Users/Praveen/Desktop/Dropbox/workspace/autome/web/ScreenShots/MigWebAutoCI-01/2015_03_13_15_24_19_29.jpg 
2015-03-13 15:24:21,397 INFO  [Log] *****          SharePost - Inner Editor 
2015-03-13 15:24:21,500 INFO  [Log]                     > Type text in Inner Editor 
2015-03-13 15:24:26,398 INFO  [Log]                     > Screenshot at :/Users/Praveen/Desktop/Dropbox/workspace/autome/web/ScreenShots/MigWebAutoCI-01/2015_03_13_15_24_26_398.jpg 
2015-03-13 15:24:26,701 INFO  [Log]                     > Screenshot at :/Users/Praveen/Desktop/Dropbox/workspace/autome/web/ScreenShots/MigWebAutoCI-01/2015_03_13_15_24_26_701.jpg 
2015-03-13 15:24:26,771 INFO  [Log] *****          User Profile 
2015-03-13 15:24:26,771 INFO  [Log]                     > HomePage #mig logo 
2015-03-13 15:24:26,885 INFO  [Log]                     > unknown error: Element is not clickable at point (133, 25). Other element would receive the click: <div id="sharebox-modal" class="modal fade in" aria-hidden="false" style="display: block;">...</div>
  (Session info: chrome=41.0.2272.89)
  (Driver info: chromedriver=2.13.307650 (feffe1dd547ee7b5c16d38784cd0cd679dfd7850),platform=Mac OS X 10.9.5 x86_64) (WARNING: The server did not provide any stacktrace information)
Command duration or timeout: 73 milliseconds
Build info: version: '2.44.0', revision: '76d78cf323ce037c5f92db6c1bba601c2ac43ad8', time: '2014-10-23 13:11:40'
System info: host: 'PraveenMS', ip: '192.168.2.188', os.name: 'Mac OS X', os.arch: 'x86_64', os.version: '10.9.5', java.version: '1.8.0_25'
Driver info: org.openqa.selenium.chrome.ChromeDriver
Capabilities [{applicationCacheEnabled=false, rotatable=false, mobileEmulationEnabled=false, chrome={userDataDir=/var/folders/t1/y09xqq894t31wyd4s5nrsj_00000gq/T/.org.chromium.Chromium.IF0tXs}, takesHeapSnapshot=true, databaseEnabled=false, handlesAlerts=true, version=41.0.2272.89, platform=MAC, browserConnectionEnabled=false, nativeEvents=true, acceptSslCerts=true, locationContextEnabled=true, webStorageEnabled=true, browserName=chrome, takesScreenshot=true, javascriptEnabled=true, cssSelectorsEnabled=true}]
Session ID: 0987f07a26adaed656f43be30ded335e 
2015-03-13 15:24:26,997 INFO  [Log]                     > unknown error: Element is not clickable at point (1033, 25). Other element would receive the click: <div id="sharebox-modal" class="modal fade in" aria-hidden="false" style="display: block;">...</div>
  (Session info: chrome=41.0.2272.89)
  (Driver info: chromedriver=2.13.307650 (feffe1dd547ee7b5c16d38784cd0cd679dfd7850),platform=Mac OS X 10.9.5 x86_64) (WARNING: The server did not provide any stacktrace information)
Command duration or timeout: 87 milliseconds
Build info: version: '2.44.0', revision: '76d78cf323ce037c5f92db6c1bba601c2ac43ad8', time: '2014-10-23 13:11:40'
System info: host: 'PraveenMS', ip: '192.168.2.188', os.name: 'Mac OS X', os.arch: 'x86_64', os.version: '10.9.5', java.version: '1.8.0_25'
Driver info: org.openqa.selenium.chrome.ChromeDriver
Capabilities [{applicationCacheEnabled=false, rotatable=false, mobileEmulationEnabled=false, chrome={userDataDir=/var/folders/t1/y09xqq894t31wyd4s5nrsj_00000gq/T/.org.chromium.Chromium.IF0tXs}, takesHeapSnapshot=true, databaseEnabled=false, handlesAlerts=true, version=41.0.2272.89, platform=MAC, browserConnectionEnabled=false, nativeEvents=true, acceptSslCerts=true, locationContextEnabled=true, webStorageEnabled=true, browserName=chrome, takesScreenshot=true, javascriptEnabled=true, cssSelectorsEnabled=true}]
Session ID: 0987f07a26adaed656f43be30ded335e 
2015-03-13 15:24:26,998 INFO  [Log] *****          postTextWithZeroChars 
2015-03-13 15:24:27,088 INFO  [Log]                     > unknown error: Element is not clickable at point (582, 74). Other element would receive the click: <div class="modal-header">...</div>
  (Session info: chrome=41.0.2272.89)
  (Driver info: chromedriver=2.13.307650 (feffe1dd547ee7b5c16d38784cd0cd679dfd7850),platform=Mac OS X 10.9.5 x86_64) (WARNING: The server did not provide any stacktrace information)
Command duration or timeout: 23 milliseconds
Build info: version: '2.44.0', revision: '76d78cf323ce037c5f92db6c1bba601c2ac43ad8', time: '2014-10-23 13:11:40'
System info: host: 'PraveenMS', ip: '192.168.2.188', os.name: 'Mac OS X', os.arch: 'x86_64', os.version: '10.9.5', java.version: '1.8.0_25'
Driver info: org.openqa.selenium.chrome.ChromeDriver
Capabilities [{applicationCacheEnabled=false, rotatable=false, mobileEmulationEnabled=false, chrome={userDataDir=/var/folders/t1/y09xqq894t31wyd4s5nrsj_00000gq/T/.org.chromium.Chromium.IF0tXs}, takesHeapSnapshot=true, databaseEnabled=false, handlesAlerts=true, version=41.0.2272.89, platform=MAC, browserConnectionEnabled=false, nativeEvents=true, acceptSslCerts=true, locationContextEnabled=true, webStorageEnabled=true, browserName=chrome, takesScreenshot=true, javascriptEnabled=true, cssSelectorsEnabled=true}]
Session ID: 0987f07a26adaed656f43be30ded335e 
2015-03-13 15:24:27,088 INFO  [Log]                     > Open Side bar 
2015-03-13 15:24:27,129 INFO  [Log]                     > unknown error: Element is not clickable at point (1068, 66). Other element would receive the click: <div id="sharebox-modal" class="modal fade in" aria-hidden="false" style="display: block;">...</div>
  (Session info: chrome=41.0.2272.89)
  (Driver info: chromedriver=2.13.307650 (feffe1dd547ee7b5c16d38784cd0cd679dfd7850),platform=Mac OS X 10.9.5 x86_64) (WARNING: The server did not provide any stacktrace information)
Command duration or timeout: 25 milliseconds
Build info: version: '2.44.0', revision: '76d78cf323ce037c5f92db6c1bba601c2ac43ad8', time: '2014-10-23 13:11:40'
System info: host: 'PraveenMS', ip: '192.168.2.188', os.name: 'Mac OS X', os.arch: 'x86_64', os.version: '10.9.5', java.version: '1.8.0_25'
Driver info: org.openqa.selenium.chrome.ChromeDriver
Capabilities [{applicationCacheEnabled=false, rotatable=false, mobileEmulationEnabled=false, chrome={userDataDir=/var/folders/t1/y09xqq894t31wyd4s5nrsj_00000gq/T/.org.chromium.Chromium.IF0tXs}, takesHeapSnapshot=true, databaseEnabled=false, handlesAlerts=true, version=41.0.2272.89, platform=MAC, browserConnectionEnabled=false, nativeEvents=true, acceptSslCerts=true, locationContextEnabled=true, webStorageEnabled=true, browserName=chrome, takesScreenshot=true, javascriptEnabled=true, cssSelectorsEnabled=true}]
Session ID: 0987f07a26adaed656f43be30ded335e 
2015-03-13 15:24:27,129 INFO  [Log] *****          Start Private Chat from Side Bar 
2015-03-13 15:24:27,129 INFO  [Log]                     > Open Side bar 
2015-03-13 15:24:27,164 INFO  [Log]                     > unknown error: Element is not clickable at point (1068, 66). Other element would receive the click: <div id="sharebox-modal" class="modal fade in" aria-hidden="false" style="display: block;">...</div>
  (Session info: chrome=41.0.2272.89)
  (Driver info: chromedriver=2.13.307650 (feffe1dd547ee7b5c16d38784cd0cd679dfd7850),platform=Mac OS X 10.9.5 x86_64) (WARNING: The server did not provide any stacktrace information)
Command duration or timeout: 27 milliseconds
Build info: version: '2.44.0', revision: '76d78cf323ce037c5f92db6c1bba601c2ac43ad8', time: '2014-10-23 13:11:40'
System info: host: 'PraveenMS', ip: '192.168.2.188', os.name: 'Mac OS X', os.arch: 'x86_64', os.version: '10.9.5', java.version: '1.8.0_25'
Driver info: org.openqa.selenium.chrome.ChromeDriver
Capabilities [{applicationCacheEnabled=false, rotatable=false, mobileEmulationEnabled=false, chrome={userDataDir=/var/folders/t1/y09xqq894t31wyd4s5nrsj_00000gq/T/.org.chromium.Chromium.IF0tXs}, takesHeapSnapshot=true, databaseEnabled=false, handlesAlerts=true, version=41.0.2272.89, platform=MAC, browserConnectionEnabled=false, nativeEvents=true, acceptSslCerts=true, locationContextEnabled=true, webStorageEnabled=true, browserName=chrome, takesScreenshot=true, javascriptEnabled=true, cssSelectorsEnabled=true}]
Session ID: 0987f07a26adaed656f43be30ded335e 
2015-03-13 15:24:27,165 INFO  [Log] *****          Start Group Chat from Side Bar 
2015-03-13 15:24:27,165 INFO  [Log]                     > Open Side bar 
2015-03-13 15:24:27,185 INFO  [Log]                     > unknown error: Element is not clickable at point (1068, 66). Other element would receive the click: <div id="sharebox-modal" class="modal fade in" aria-hidden="false" style="display: block;">...</div>
  (Session info: chrome=41.0.2272.89)
  (Driver info: chromedriver=2.13.307650 (feffe1dd547ee7b5c16d38784cd0cd679dfd7850),platform=Mac OS X 10.9.5 x86_64) (WARNING: The server did not provide any stacktrace information)
Command duration or timeout: 14 milliseconds
Build info: version: '2.44.0', revision: '76d78cf323ce037c5f92db6c1bba601c2ac43ad8', time: '2014-10-23 13:11:40'
System info: host: 'PraveenMS', ip: '192.168.2.188', os.name: 'Mac OS X', os.arch: 'x86_64', os.version: '10.9.5', java.version: '1.8.0_25'
Driver info: org.openqa.selenium.chrome.ChromeDriver
Capabilities [{applicationCacheEnabled=false, rotatable=false, mobileEmulationEnabled=false, chrome={userDataDir=/var/folders/t1/y09xqq894t31wyd4s5nrsj_00000gq/T/.org.chromium.Chromium.IF0tXs}, takesHeapSnapshot=true, databaseEnabled=false, handlesAlerts=true, version=41.0.2272.89, platform=MAC, browserConnectionEnabled=false, nativeEvents=true, acceptSslCerts=true, locationContextEnabled=true, webStorageEnabled=true, browserName=chrome, takesScreenshot=true, javascriptEnabled=true, cssSelectorsEnabled=true}]
Session ID: 0987f07a26adaed656f43be30ded335e 
2015-03-13 15:24:27,185 INFO  [Log] *****          signOut 
2015-03-13 15:24:27,316 INFO  [Log]                     > unknown error: Element is not clickable at point (1033, 25). Other element would receive the click: <div id="sharebox-modal" class="modal fade" aria-hidden="true" style="display: block;">...</div>
  (Session info: chrome=41.0.2272.89)
  (Driver info: chromedriver=2.13.307650 (feffe1dd547ee7b5c16d38784cd0cd679dfd7850),platform=Mac OS X 10.9.5 x86_64) (WARNING: The server did not provide any stacktrace information)
Command duration or timeout: 119 milliseconds
Build info: version: '2.44.0', revision: '76d78cf323ce037c5f92db6c1bba601c2ac43ad8', time: '2014-10-23 13:11:40'
System info: host: 'PraveenMS', ip: '192.168.2.188', os.name: 'Mac OS X', os.arch: 'x86_64', os.version: '10.9.5', java.version: '1.8.0_25'
Driver info: org.openqa.selenium.chrome.ChromeDriver
Capabilities [{applicationCacheEnabled=false, rotatable=false, mobileEmulationEnabled=false, chrome={userDataDir=/var/folders/t1/y09xqq894t31wyd4s5nrsj_00000gq/T/.org.chromium.Chromium.IF0tXs}, takesHeapSnapshot=true, databaseEnabled=false, handlesAlerts=true, version=41.0.2272.89, platform=MAC, browserConnectionEnabled=false, nativeEvents=true, acceptSslCerts=true, locationContextEnabled=true, webStorageEnabled=true, browserName=chrome, takesScreenshot=true, javascriptEnabled=true, cssSelectorsEnabled=true}]
Session ID: 0987f07a26adaed656f43be30ded335e 
2015-03-13 15:24:32,317 INFO  [Log] *****          End Test 
